<?xml version="1.0" encoding="UTF-8"?>
<testng-results skipped="0" failed="0" total="1" passed="1">
  <reporter-output>
  </reporter-output>
  <suite name="Suite" duration-ms="7478" started-at="2018-05-31T08:39:18Z" finished-at="2018-05-31T08:39:25Z">
    <groups>
    </groups>
    <test name="Test" duration-ms="7478" started-at="2018-05-31T08:39:18Z" finished-at="2018-05-31T08:39:25Z">
      <class name="web.ns.testscripts.LoginToNs_01">
        <test-method status="PASS" signature="setupApplication()[pri:0, instance:web.ns.testscripts.LoginToNs_01@7f560810]" name="setupApplication" is-config="true" duration-ms="6097" started-at="2018-05-31T14:09:18Z" finished-at="2018-05-31T14:09:24Z">
          <reporter-output>
          </reporter-output>
        </test-method> <!-- setupApplication -->
        <test-method status="PASS" signature="login()[pri:0, instance:web.ns.testscripts.LoginToNs_01@7f560810]" name="login" duration-ms="454" started-at="2018-05-31T14:09:24Z" finished-at="2018-05-31T14:09:24Z">
          <reporter-output>
          </reporter-output>
        </test-method> <!-- login -->
        <test-method status="PASS" signature="tearDown(org.testng.ITestResult)[pri:0, instance:web.ns.testscripts.LoginToNs_01@7f560810]" name="tearDown" is-config="true" duration-ms="918" started-at="2018-05-31T14:09:24Z" finished-at="2018-05-31T14:09:25Z">
          <params>
            <param index="0">
              <value>
                <![CDATA[[TestResult name=login status=SUCCESS method=LoginToNs_01.login()[pri:0, instance:web.ns.testscripts.LoginToNs_01@7f560810] output={null}]]]>
              </value>
            </param>
          </params>
          <reporter-output>
          </reporter-output>
        </test-method> <!-- tearDown -->
      </class> <!-- web.ns.testscripts.LoginToNs_01 -->
    </test> <!-- Test -->
  </suite> <!-- Suite -->
</testng-results>
