<?xml version="1.0" encoding="UTF-8"?>
<testng-results skipped="0" failed="1" total="1" passed="0">
  <reporter-output>
  </reporter-output>
  <suite name="Default suite" duration-ms="16406" started-at="2018-10-30T14:25:11Z" finished-at="2018-10-30T14:25:27Z">
    <groups>
    </groups>
    <test name="Default test" duration-ms="16406" started-at="2018-10-30T14:25:11Z" finished-at="2018-10-30T14:25:27Z">
      <class name="web.ns.testscripts.LoginToNs_01">
        <test-method status="PASS" signature="setupApplication()[pri:0, instance:web.ns.testscripts.LoginToNs_01@271053e1]" name="setupApplication" is-config="true" duration-ms="5696" started-at="2018-10-30T19:55:11Z" finished-at="2018-10-30T19:55:17Z">
          <reporter-output>
          </reporter-output>
        </test-method> <!-- setupApplication -->
        <test-method status="FAIL" signature="login()[pri:0, instance:web.ns.testscripts.LoginToNs_01@271053e1]" name="login" duration-ms="9162" started-at="2018-10-30T19:55:17Z" finished-at="2018-10-30T19:55:26Z">
          <exception class="org.openqa.selenium.TimeoutException">
            <message>
              <![CDATA[Expected condition failed: waiting for visibility of [[ChromeDriver: chrome on XP (ce669ed1b96f1cd1a0f5193bfb9312d5)] -> xpath: //*[contains(text(),'Voyage')]] (tried for 5 second(s) with 500 milliseconds interval)
Build info: version: '3.12.0', revision: '7c6e0b3', time: '2018-05-08T14:04:26.12Z'
System info: host: '10PNQ22436LT01', ip: '10.32.128.70', os.name: 'Windows 10', os.arch: 'amd64', os.version: '10.0', java.version: '1.8.0_161'
Driver info: org.openqa.selenium.chrome.ChromeDriver
Capabilities {acceptInsecureCerts: false, acceptSslCerts: false, applicationCacheEnabled: false, browserConnectionEnabled: false, browserName: chrome, chrome: {chromedriverVersion: 2.38.552522 (437e6fbedfa876..., userDataDir: C:\Users\NMehra\AppData\Loc...}, cssSelectorsEnabled: true, databaseEnabled: false, handlesAlerts: true, hasTouchScreen: false, javascriptEnabled: true, locationContextEnabled: true, mobileEmulationEnabled: false, nativeEvents: true, networkConnectionEnabled: false, pageLoadStrategy: normal, platform: XP, platformName: XP, rotatable: false, setWindowRect: true, takesHeapSnapshot: true, takesScreenshot: true, unexpectedAlertBehaviour: , unhandledPromptBehavior: , version: 67.0.3396.87, webStorageEnabled: true}
Session ID: ce669ed1b96f1cd1a0f5193bfb9312d5]]>
            </message>
            <full-stacktrace>
              <![CDATA[org.openqa.selenium.TimeoutException: Expected condition failed: waiting for visibility of [[ChromeDriver: chrome on XP (ce669ed1b96f1cd1a0f5193bfb9312d5)] -> xpath: //*[contains(text(),'Voyage')]] (tried for 5 second(s) with 500 milliseconds interval)
Build info: version: '3.12.0', revision: '7c6e0b3', time: '2018-05-08T14:04:26.12Z'
System info: host: '10PNQ22436LT01', ip: '10.32.128.70', os.name: 'Windows 10', os.arch: 'amd64', os.version: '10.0', java.version: '1.8.0_161'
Driver info: org.openqa.selenium.chrome.ChromeDriver
Capabilities {acceptInsecureCerts: false, acceptSslCerts: false, applicationCacheEnabled: false, browserConnectionEnabled: false, browserName: chrome, chrome: {chromedriverVersion: 2.38.552522 (437e6fbedfa876..., userDataDir: C:\Users\NMehra\AppData\Loc...}, cssSelectorsEnabled: true, databaseEnabled: false, handlesAlerts: true, hasTouchScreen: false, javascriptEnabled: true, locationContextEnabled: true, mobileEmulationEnabled: false, nativeEvents: true, networkConnectionEnabled: false, pageLoadStrategy: normal, platform: XP, platformName: XP, rotatable: false, setWindowRect: true, takesHeapSnapshot: true, takesScreenshot: true, unexpectedAlertBehaviour: , unhandledPromptBehavior: , version: 67.0.3396.87, webStorageEnabled: true}
Session ID: ce669ed1b96f1cd1a0f5193bfb9312d5
	at org.openqa.selenium.support.ui.WebDriverWait.timeoutException(WebDriverWait.java:81)
	at org.openqa.selenium.support.ui.FluentWait.until(FluentWait.java:271)
	at web.ns.utilities.ReusableComponents.waitForElement(ReusableComponents.java:60)
	at web.ns.pageobjects.WorkSpaceVoyageManager.clickVoyage(WorkSpaceVoyageManager.java:31)
	at web.ns.testscripts.LoginToNs_01.login(LoginToNs_01.java:41)
	at sun.reflect.NativeMethodAccessorImpl.invoke0(Native Method)
	at sun.reflect.NativeMethodAccessorImpl.invoke(NativeMethodAccessorImpl.java:62)
	at sun.reflect.DelegatingMethodAccessorImpl.invoke(DelegatingMethodAccessorImpl.java:43)
	at java.lang.reflect.Method.invoke(Method.java:498)
	at org.testng.internal.MethodInvocationHelper.invokeMethod(MethodInvocationHelper.java:80)
	at org.testng.internal.Invoker.invokeMethod(Invoker.java:714)
	at org.testng.internal.Invoker.invokeTestMethod(Invoker.java:901)
	at org.testng.internal.Invoker.invokeTestMethods(Invoker.java:1231)
	at org.testng.internal.TestMethodWorker.invokeTestMethods(TestMethodWorker.java:127)
	at org.testng.internal.TestMethodWorker.run(TestMethodWorker.java:111)
	at org.testng.TestRunner.privateRun(TestRunner.java:767)
	at org.testng.TestRunner.run(TestRunner.java:617)
	at org.testng.SuiteRunner.runTest(SuiteRunner.java:334)
	at org.testng.SuiteRunner.runSequentially(SuiteRunner.java:329)
	at org.testng.SuiteRunner.privateRun(SuiteRunner.java:291)
	at org.testng.SuiteRunner.run(SuiteRunner.java:240)
	at org.testng.SuiteRunnerWorker.runSuite(SuiteRunnerWorker.java:52)
	at org.testng.SuiteRunnerWorker.run(SuiteRunnerWorker.java:86)
	at org.testng.TestNG.runSuitesSequentially(TestNG.java:1198)
	at org.testng.TestNG.runSuitesLocally(TestNG.java:1123)
	at org.testng.TestNG.run(TestNG.java:1031)
	at org.testng.remote.AbstractRemoteTestNG.run(AbstractRemoteTestNG.java:114)
	at org.testng.remote.RemoteTestNG.initAndRun(RemoteTestNG.java:251)
	at org.testng.remote.RemoteTestNG.main(RemoteTestNG.java:77)
]]>
            </full-stacktrace>
          </exception> <!-- org.openqa.selenium.TimeoutException -->
          <reporter-output>
          </reporter-output>
        </test-method> <!-- login -->
        <test-method status="PASS" signature="tearDown(org.testng.ITestResult)[pri:0, instance:web.ns.testscripts.LoginToNs_01@271053e1]" name="tearDown" is-config="true" duration-ms="1524" started-at="2018-10-30T19:55:26Z" finished-at="2018-10-30T19:55:27Z">
          <params>
            <param index="0">
              <value>
                <![CDATA[[TestResult name=login status=FAILURE method=LoginToNs_01.login()[pri:0, instance:web.ns.testscripts.LoginToNs_01@271053e1] output={null}]]]>
              </value>
            </param>
          </params>
          <reporter-output>
          </reporter-output>
        </test-method> <!-- tearDown -->
      </class> <!-- web.ns.testscripts.LoginToNs_01 -->
    </test> <!-- Default test -->
  </suite> <!-- Default suite -->
</testng-results>
